2025-05-10T14:28:37.602+05:30  INFO 20280 --- [PropertyListingAndManagement] [restartedMain] .PropertyListingAndManagementApplication : Starting PropertyListingAndManagementApplication using Java 21.0.6 with PID 20280 (C:\Users\2400640\git\repository2\PropertyListingAndManagement\target\classes started by 2400640 in C:\Users\2400640\git\repository2\PropertyListingAndManagement)
2025-05-10T14:28:37.615+05:30  INFO 20280 --- [PropertyListingAndManagement] [restartedMain] .PropertyListingAndManagementApplication : No active profile set, falling back to 1 default profile: "default"
2025-05-10T14:28:37.716+05:30  INFO 20280 --- [PropertyListingAndManagement] [restartedMain] o.s.c.c.c.ConfigServerConfigDataLoader   : Fetching config from server at : http://localhost:8888
2025-05-10T14:28:37.718+05:30  INFO 20280 --- [PropertyListingAndManagement] [restartedMain] o.s.c.c.c.ConfigServerConfigDataLoader   : Located environment: name=PropertyListingAndManagement, profiles=[default], label=null, version=b7471102fa4992b5862b8704b8d9c740ce9d0546, state=
2025-05-10T14:28:37.721+05:30  INFO 20280 --- [PropertyListingAndManagement] [restartedMain] .e.DevToolsPropertyDefaultsPostProcessor : Devtools property defaults active! Set 'spring.devtools.add-properties' to 'false' to disable
2025-05-10T14:28:37.722+05:30  INFO 20280 --- [PropertyListingAndManagement] [restartedMain] .e.DevToolsPropertyDefaultsPostProcessor : For additional web related logging consider setting the 'logging.level.web' property to 'DEBUG'
2025-05-10T14:28:39.803+05:30  INFO 20280 --- [PropertyListingAndManagement] [restartedMain] .s.d.r.c.RepositoryConfigurationDelegate : Bootstrapping Spring Data JPA repositories in DEFAULT mode.
2025-05-10T14:28:40.049+05:30  INFO 20280 --- [PropertyListingAndManagement] [restartedMain] .s.d.r.c.RepositoryConfigurationDelegate : Finished Spring Data repository scanning in 225 ms. Found 1 JPA repository interface.
2025-05-10T14:28:40.407+05:30  INFO 20280 --- [PropertyListingAndManagement] [restartedMain] o.s.cloud.context.scope.GenericScope     : BeanFactory id=7c727bfd-0491-3749-bee8-c54e7d9cd451
2025-05-10T14:28:41.854+05:30  INFO 20280 --- [PropertyListingAndManagement] [restartedMain] o.s.b.w.embedded.tomcat.TomcatWebServer  : Tomcat initialized with port 8082 (http)
2025-05-10T14:28:41.876+05:30  INFO 20280 --- [PropertyListingAndManagement] [restartedMain] o.apache.catalina.core.StandardService   : Starting service [Tomcat]
2025-05-10T14:28:41.877+05:30  INFO 20280 --- [PropertyListingAndManagement] [restartedMain] o.apache.catalina.core.StandardEngine    : Starting Servlet engine: [Apache Tomcat/10.1.40]
2025-05-10T14:28:41.991+05:30  INFO 20280 --- [PropertyListingAndManagement] [restartedMain] o.a.c.c.C.[Tomcat].[localhost].[/]       : Initializing Spring embedded WebApplicationContext
2025-05-10T14:28:41.992+05:30  INFO 20280 --- [PropertyListingAndManagement] [restartedMain] w.s.c.ServletWebServerApplicationContext : Root WebApplicationContext: initialization completed in 4269 ms
2025-05-10T14:28:42.579+05:30  INFO 20280 --- [PropertyListingAndManagement] [restartedMain] o.hibernate.jpa.internal.util.LogHelper  : HHH000204: Processing PersistenceUnitInfo [name: default]
2025-05-10T14:28:42.656+05:30  INFO 20280 --- [PropertyListingAndManagement] [restartedMain] org.hibernate.Version                    : HHH000412: Hibernate ORM core version 6.6.13.Final
2025-05-10T14:28:42.704+05:30  INFO 20280 --- [PropertyListingAndManagement] [restartedMain] o.h.c.internal.RegionFactoryInitiator    : HHH000026: Second-level cache disabled
2025-05-10T14:28:43.110+05:30  INFO 20280 --- [PropertyListingAndManagement] [restartedMain] o.s.o.j.p.SpringPersistenceUnitInfo      : No LoadTimeWeaver setup: ignoring JPA class transformer
2025-05-10T14:28:43.194+05:30  INFO 20280 --- [PropertyListingAndManagement] [restartedMain] com.zaxxer.hikari.HikariDataSource       : HikariPool-1 - Starting...
2025-05-10T14:28:43.875+05:30  INFO 20280 --- [PropertyListingAndManagement] [restartedMain] com.zaxxer.hikari.pool.HikariPool        : HikariPool-1 - Added connection com.mysql.cj.jdbc.ConnectionImpl@4263d7f4
2025-05-10T14:28:43.879+05:30  INFO 20280 --- [PropertyListingAndManagement] [restartedMain] com.zaxxer.hikari.HikariDataSource       : HikariPool-1 - Start completed.
2025-05-10T14:28:43.981+05:30  WARN 20280 --- [PropertyListingAndManagement] [restartedMain] org.hibernate.orm.deprecation            : HHH90000025: MySQLDialect does not need to be specified explicitly using 'hibernate.dialect' (remove the property setting and it will be selected by default)
2025-05-10T14:28:44.029+05:30  INFO 20280 --- [PropertyListingAndManagement] [restartedMain] org.hibernate.orm.connections.pooling    : HHH10001005: Database info:
	Database JDBC URL [Connecting through datasource 'HikariDataSource (HikariPool-1)']
	Database driver: undefined/unknown
	Database version: 8.0.41
	Autocommit mode: undefined/unknown
	Isolation level: undefined/unknown
	Minimum pool size: undefined/unknown
	Maximum pool size: undefined/unknown
2025-05-10T14:28:45.810+05:30  INFO 20280 --- [PropertyListingAndManagement] [restartedMain] o.h.e.t.j.p.i.JtaPlatformInitiator       : HHH000489: No JTA platform available (set 'hibernate.transaction.jta.platform' to enable JTA platform integration)
2025-05-10T14:28:45.925+05:30  INFO 20280 --- [PropertyListingAndManagement] [restartedMain] j.LocalContainerEntityManagerFactoryBean : Initialized JPA EntityManagerFactory for persistence unit 'default'
2025-05-10T14:28:46.418+05:30  WARN 20280 --- [PropertyListingAndManagement] [restartedMain] JpaBaseConfiguration$JpaWebConfiguration : spring.jpa.open-in-view is enabled by default. Therefore, database queries may be performed during view rendering. Explicitly configure spring.jpa.open-in-view to disable this warning
2025-05-10T14:28:46.556+05:30  WARN 20280 --- [PropertyListingAndManagement] [restartedMain] o.s.b.d.a.OptionalLiveReloadServer       : Unable to start LiveReload server
2025-05-10T14:28:46.647+05:30  INFO 20280 --- [PropertyListingAndManagement] [restartedMain] o.s.c.openfeign.FeignClientFactoryBean   : For 'USERMANAGEMENTSYSTEM' URL not provided. Will try picking an instance via load-balancing.
2025-05-10T14:28:48.790+05:30  INFO 20280 --- [PropertyListingAndManagement] [restartedMain] DiscoveryClientOptionalArgsConfiguration : Eureka HTTP Client uses RestTemplate.
2025-05-10T14:28:48.912+05:30  WARN 20280 --- [PropertyListingAndManagement] [restartedMain] iguration$LoadBalancerCaffeineWarnLogger : Spring Cloud LoadBalancer is currently working with the default cache. While this cache implementation is useful for development and tests, it's recommended to use Caffeine cache in production.You can switch to using Caffeine cache, by adding it and org.springframework.cache.caffeine.CaffeineCacheManager to the classpath.
2025-05-10T14:28:48.955+05:30  INFO 20280 --- [PropertyListingAndManagement] [restartedMain] o.s.b.a.e.web.EndpointLinksResolver      : Exposing 18 endpoints beneath base path '/actuator'
2025-05-10T14:28:49.213+05:30  INFO 20280 --- [PropertyListingAndManagement] [restartedMain] o.s.c.n.eureka.InstanceInfoFactory       : Setting initial instance status as: STARTING
2025-05-10T14:28:49.308+05:30  INFO 20280 --- [PropertyListingAndManagement] [restartedMain] com.netflix.discovery.DiscoveryClient    : Initializing Eureka in region us-east-1
2025-05-10T14:28:49.321+05:30  INFO 20280 --- [PropertyListingAndManagement] [restartedMain] c.n.d.s.r.aws.ConfigClusterResolver      : Resolving eureka endpoints via configuration
2025-05-10T14:28:49.344+05:30  INFO 20280 --- [PropertyListingAndManagement] [restartedMain] com.netflix.discovery.DiscoveryClient    : Disable delta property : false
2025-05-10T14:28:49.345+05:30  INFO 20280 --- [PropertyListingAndManagement] [restartedMain] com.netflix.discovery.DiscoveryClient    : Single vip registry refresh property : null
2025-05-10T14:28:49.346+05:30  INFO 20280 --- [PropertyListingAndManagement] [restartedMain] com.netflix.discovery.DiscoveryClient    : Force full registry fetch : false
2025-05-10T14:28:49.346+05:30  INFO 20280 --- [PropertyListingAndManagement] [restartedMain] com.netflix.discovery.DiscoveryClient    : Application is null : false
2025-05-10T14:28:49.346+05:30  INFO 20280 --- [PropertyListingAndManagement] [restartedMain] com.netflix.discovery.DiscoveryClient    : Registered Applications size is zero : true
2025-05-10T14:28:49.346+05:30  INFO 20280 --- [PropertyListingAndManagement] [restartedMain] com.netflix.discovery.DiscoveryClient    : Application version is -1: true
2025-05-10T14:28:49.347+05:30  INFO 20280 --- [PropertyListingAndManagement] [restartedMain] com.netflix.discovery.DiscoveryClient    : Getting all instance registry info from the eureka server
2025-05-10T14:28:49.885+05:30  INFO 20280 --- [PropertyListingAndManagement] [restartedMain] com.netflix.discovery.DiscoveryClient    : The response status is 200
2025-05-10T14:28:49.888+05:30  INFO 20280 --- [PropertyListingAndManagement] [restartedMain] com.netflix.discovery.DiscoveryClient    : Starting heartbeat executor: renew interval is: 30
2025-05-10T14:28:49.895+05:30  INFO 20280 --- [PropertyListingAndManagement] [restartedMain] c.n.discovery.InstanceInfoReplicator     : InstanceInfoReplicator onDemand update allowed rate per min is 4
2025-05-10T14:28:49.899+05:30  INFO 20280 --- [PropertyListingAndManagement] [restartedMain] com.netflix.discovery.DiscoveryClient    : Discovery Client initialized at timestamp 1746867529899 with initial instances count: 1
2025-05-10T14:28:49.911+05:30  INFO 20280 --- [PropertyListingAndManagement] [restartedMain] o.s.c.n.e.s.EurekaServiceRegistry        : Registering application PROPERTYLISTINGANDMANAGEMENT with eureka with status UP
2025-05-10T14:28:49.912+05:30  INFO 20280 --- [PropertyListingAndManagement] [restartedMain] com.netflix.discovery.DiscoveryClient    : Saw local status change event StatusChangeEvent [timestamp=1746867529912, current=UP, previous=STARTING]
2025-05-10T14:28:49.915+05:30  INFO 20280 --- [PropertyListingAndManagement] [DiscoveryClient-InstanceInfoReplicator-%d] com.netflix.discovery.DiscoveryClient    : DiscoveryClient_PROPERTYLISTINGANDMANAGEMENT/LTIN601829.cts.com:PropertyListingAndManagement:8082: registering service...
2025-05-10T14:28:49.961+05:30  INFO 20280 --- [PropertyListingAndManagement] [restartedMain] o.s.b.w.embedded.tomcat.TomcatWebServer  : Tomcat started on port 8082 (http) with context path '/'
2025-05-10T14:28:49.963+05:30  INFO 20280 --- [PropertyListingAndManagement] [restartedMain] .s.c.n.e.s.EurekaAutoServiceRegistration : Updating port to 8082
2025-05-10T14:28:50.005+05:30  INFO 20280 --- [PropertyListingAndManagement] [restartedMain] .PropertyListingAndManagementApplication : Started PropertyListingAndManagementApplication in 15.191 seconds (process running for 16.964)
2025-05-10T14:28:50.048+05:30  INFO 20280 --- [PropertyListingAndManagement] [DiscoveryClient-InstanceInfoReplicator-%d] com.netflix.discovery.DiscoveryClient    : DiscoveryClient_PROPERTYLISTINGANDMANAGEMENT/LTIN601829.cts.com:PropertyListingAndManagement:8082 - registration status: 204
2025-05-10T14:28:50.275+05:30  INFO 20280 --- [PropertyListingAndManagement] [RMI TCP Connection(7)-127.0.0.1] o.a.c.c.C.[Tomcat].[localhost].[/]       : Initializing Spring DispatcherServlet 'dispatcherServlet'
2025-05-10T14:28:50.275+05:30  INFO 20280 --- [PropertyListingAndManagement] [RMI TCP Connection(7)-127.0.0.1] o.s.web.servlet.DispatcherServlet        : Initializing Servlet 'dispatcherServlet'
2025-05-10T14:28:50.277+05:30  INFO 20280 --- [PropertyListingAndManagement] [RMI TCP Connection(7)-127.0.0.1] o.s.web.servlet.DispatcherServlet        : Completed initialization in 2 ms
2025-05-10T14:33:49.354+05:30  INFO 20280 --- [PropertyListingAndManagement] [AsyncResolver-bootstrap-executor-%d] c.n.d.s.r.aws.ConfigClusterResolver      : Resolving eureka endpoints via configuration
2025-05-10T14:38:51.865+05:30  INFO 20280 --- [PropertyListingAndManagement] [AsyncResolver-bootstrap-executor-%d] c.n.d.s.r.aws.ConfigClusterResolver      : Resolving eureka endpoints via configuration
2025-05-10T14:43:51.873+05:30  INFO 20280 --- [PropertyListingAndManagement] [AsyncResolver-bootstrap-executor-%d] c.n.d.s.r.aws.ConfigClusterResolver      : Resolving eureka endpoints via configuration
2025-05-10T14:48:51.883+05:30  INFO 20280 --- [PropertyListingAndManagement] [AsyncResolver-bootstrap-executor-%d] c.n.d.s.r.aws.ConfigClusterResolver      : Resolving eureka endpoints via configuration
2025-05-10T14:53:56.177+05:30  INFO 20280 --- [PropertyListingAndManagement] [AsyncResolver-bootstrap-executor-%d] c.n.d.s.r.aws.ConfigClusterResolver      : Resolving eureka endpoints via configuration
2025-05-10T14:58:56.179+05:30  INFO 20280 --- [PropertyListingAndManagement] [AsyncResolver-bootstrap-executor-%d] c.n.d.s.r.aws.ConfigClusterResolver      : Resolving eureka endpoints via configuration
2025-05-10T15:03:56.193+05:30  INFO 20280 --- [PropertyListingAndManagement] [AsyncResolver-bootstrap-executor-%d] c.n.d.s.r.aws.ConfigClusterResolver      : Resolving eureka endpoints via configuration
2025-05-10T15:08:56.196+05:30  INFO 20280 --- [PropertyListingAndManagement] [AsyncResolver-bootstrap-executor-%d] c.n.d.s.r.aws.ConfigClusterResolver      : Resolving eureka endpoints via configuration
2025-05-10T15:11:51.972+05:30  INFO 20280 --- [PropertyListingAndManagement] [File Watcher] rtingClassPathChangeChangedEventListener : Restarting due to 1 class path change (0 additions, 0 deletions, 1 modification)
2025-05-10T15:11:52.008+05:30  INFO 20280 --- [PropertyListingAndManagement] [Thread-1] o.s.c.n.e.s.EurekaServiceRegistry        : Unregistering application PROPERTYLISTINGANDMANAGEMENT with eureka with status DOWN
2025-05-10T15:11:52.009+05:30  INFO 20280 --- [PropertyListingAndManagement] [Thread-1] com.netflix.discovery.DiscoveryClient    : Saw local status change event StatusChangeEvent [timestamp=1746870112009, current=DOWN, previous=UP]
2025-05-10T15:11:52.010+05:30  INFO 20280 --- [PropertyListingAndManagement] [DiscoveryClient-InstanceInfoReplicator-%d] com.netflix.discovery.DiscoveryClient    : DiscoveryClient_PROPERTYLISTINGANDMANAGEMENT/LTIN601829.cts.com:PropertyListingAndManagement:8082: registering service...
2025-05-10T15:11:52.027+05:30  INFO 20280 --- [PropertyListingAndManagement] [Thread-1] o.s.b.w.e.tomcat.GracefulShutdown        : Commencing graceful shutdown. Waiting for active requests to complete
2025-05-10T15:11:52.053+05:30  INFO 20280 --- [PropertyListingAndManagement] [DiscoveryClient-InstanceInfoReplicator-%d] com.netflix.discovery.DiscoveryClient    : DiscoveryClient_PROPERTYLISTINGANDMANAGEMENT/LTIN601829.cts.com:PropertyListingAndManagement:8082 - registration status: 204
2025-05-10T15:11:52.087+05:30  INFO 20280 --- [PropertyListingAndManagement] [tomcat-shutdown] o.s.b.w.e.tomcat.GracefulShutdown        : Graceful shutdown complete
2025-05-10T15:11:52.199+05:30  INFO 20280 --- [PropertyListingAndManagement] [Thread-1] j.LocalContainerEntityManagerFactoryBean : Closing JPA EntityManagerFactory for persistence unit 'default'
2025-05-10T15:11:52.255+05:30  INFO 20280 --- [PropertyListingAndManagement] [Thread-1] com.zaxxer.hikari.HikariDataSource       : HikariPool-1 - Shutdown initiated...
2025-05-10T15:11:52.377+05:30  INFO 20280 --- [PropertyListingAndManagement] [Thread-1] com.zaxxer.hikari.HikariDataSource       : HikariPool-1 - Shutdown completed.
2025-05-10T15:11:52.384+05:30  INFO 20280 --- [PropertyListingAndManagement] [Thread-1] com.netflix.discovery.DiscoveryClient    : Shutting down DiscoveryClient ...
2025-05-10T15:11:55.394+05:30  INFO 20280 --- [PropertyListingAndManagement] [Thread-1] com.netflix.discovery.DiscoveryClient    : Unregistering ...
2025-05-10T15:11:55.439+05:30  INFO 20280 --- [PropertyListingAndManagement] [Thread-1] com.netflix.discovery.DiscoveryClient    : DiscoveryClient_PROPERTYLISTINGANDMANAGEMENT/LTIN601829.cts.com:PropertyListingAndManagement:8082 - deregister  status: 200
2025-05-10T15:11:55.441+05:30  INFO 20280 --- [PropertyListingAndManagement] [Thread-1] com.netflix.discovery.DiscoveryClient    : Completed shut down of DiscoveryClient
